{"C:\\FernandoHerrera\\React\\03-gifs-app\\src\\GifsApp.tsx": {"path":"C:\\FernandoHerrera\\React\\03-gifs-app\\src\\GifsApp.tsx","all":false,"statementMap":{"0":{"start":{"line":1,"column":0},"end":{"line":1,"column":51}},"1":{"start":{"line":2,"column":0},"end":{"line":2,"column":69}},"2":{"start":{"line":3,"column":0},"end":{"line":3,"column":64}},"3":{"start":{"line":4,"column":0},"end":{"line":4,"column":58}},"4":{"start":{"line":5,"column":0},"end":{"line":5,"column":46}},"6":{"start":{"line":7,"column":0},"end":{"line":7,"column":30}},"8":{"start":{"line":9,"column":0},"end":{"line":9,"column":77}},"10":{"start":{"line":11,"column":0},"end":{"line":11,"column":10}},"11":{"start":{"line":12,"column":0},"end":{"line":12,"column":6}},"13":{"start":{"line":14,"column":0},"end":{"line":14,"column":18}},"14":{"start":{"line":15,"column":0},"end":{"line":15,"column":35}},"15":{"start":{"line":16,"column":0},"end":{"line":16,"column":59}},"20":{"start":{"line":21,"column":0},"end":{"line":21,"column":15}},"21":{"start":{"line":22,"column":0},"end":{"line":22,"column":43}},"22":{"start":{"line":23,"column":0},"end":{"line":23,"column":29}},"23":{"start":{"line":24,"column":0},"end":{"line":24,"column":28}},"27":{"start":{"line":28,"column":0},"end":{"line":28,"column":83}},"30":{"start":{"line":31,"column":0},"end":{"line":31,"column":26}},"33":{"start":{"line":34,"column":0},"end":{"line":34,"column":1}}},"s":{"0":1,"1":1,"2":1,"3":1,"4":1,"6":1,"8":1,"10":1,"11":1,"13":1,"14":1,"15":1,"20":1,"21":1,"22":1,"23":1,"27":1,"30":1,"33":1},"branchMap":{"0":{"type":"branch","line":7,"loc":{"start":{"line":7,"column":23},"end":{"line":34,"column":1}},"locations":[{"start":{"line":7,"column":23},"end":{"line":34,"column":1}}]}},"b":{"0":[1]},"fnMap":{"0":{"name":"GifsApp","decl":{"start":{"line":7,"column":23},"end":{"line":34,"column":1}},"loc":{"start":{"line":7,"column":23},"end":{"line":34,"column":1}},"line":7}},"f":{"0":1}}
,"C:\\FernandoHerrera\\React\\03-gifs-app\\src\\main.tsx": {"path":"C:\\FernandoHerrera\\React\\03-gifs-app\\src\\main.tsx","all":true,"statementMap":{"0":{"start":{"line":1,"column":0},"end":{"line":1,"column":34}},"1":{"start":{"line":2,"column":0},"end":{"line":2,"column":45}},"2":{"start":{"line":3,"column":0},"end":{"line":3,"column":20}},"3":{"start":{"line":4,"column":0},"end":{"line":4,"column":35}},"6":{"start":{"line":7,"column":0},"end":{"line":7,"column":52}},"7":{"start":{"line":8,"column":0},"end":{"line":8,"column":14}},"8":{"start":{"line":9,"column":0},"end":{"line":9,"column":15}}},"s":{"0":0,"1":0,"2":0,"3":0,"6":0,"7":0,"8":0},"branchMap":{"0":{"type":"branch","line":1,"loc":{"start":{"line":1,"column":242},"end":{"line":11,"column":1}},"locations":[{"start":{"line":1,"column":242},"end":{"line":11,"column":1}}]}},"b":{"0":[0]},"fnMap":{"0":{"name":"(empty-report)","decl":{"start":{"line":1,"column":242},"end":{"line":11,"column":1}},"loc":{"start":{"line":1,"column":242},"end":{"line":11,"column":1}},"line":1}},"f":{"0":0}}
,"C:\\FernandoHerrera\\React\\03-gifs-app\\src\\counter\\components\\MyCounterApp.tsx": {"path":"C:\\FernandoHerrera\\React\\03-gifs-app\\src\\counter\\components\\MyCounterApp.tsx","all":false,"statementMap":{"0":{"start":{"line":1,"column":0},"end":{"line":1,"column":48}},"2":{"start":{"line":3,"column":0},"end":{"line":3,"column":35}},"4":{"start":{"line":5,"column":0},"end":{"line":5,"column":76}},"6":{"start":{"line":7,"column":0},"end":{"line":7,"column":10}},"7":{"start":{"line":8,"column":0},"end":{"line":8,"column":82}},"8":{"start":{"line":9,"column":0},"end":{"line":9,"column":32}},"9":{"start":{"line":10,"column":0},"end":{"line":10,"column":69}},"10":{"start":{"line":11,"column":0},"end":{"line":11,"column":127}},"11":{"start":{"line":12,"column":0},"end":{"line":12,"column":133}},"12":{"start":{"line":13,"column":0},"end":{"line":13,"column":132}},"17":{"start":{"line":18,"column":0},"end":{"line":18,"column":1}}},"s":{"0":1,"2":1,"4":7,"6":7,"7":7,"8":7,"9":7,"10":7,"11":7,"12":7,"17":7},"branchMap":{"0":{"type":"branch","line":3,"loc":{"start":{"line":3,"column":28},"end":{"line":18,"column":1}},"locations":[{"start":{"line":3,"column":28},"end":{"line":18,"column":1}}]}},"b":{"0":[7]},"fnMap":{"0":{"name":"MyCounterApp","decl":{"start":{"line":3,"column":28},"end":{"line":18,"column":1}},"loc":{"start":{"line":3,"column":28},"end":{"line":18,"column":1}},"line":3}},"f":{"0":7}}
,"C:\\FernandoHerrera\\React\\03-gifs-app\\src\\counter\\hooks\\useCounter.tsx": {"path":"C:\\FernandoHerrera\\React\\03-gifs-app\\src\\counter\\hooks\\useCounter.tsx","all":false,"statementMap":{"0":{"start":{"line":1,"column":0},"end":{"line":1,"column":33}},"2":{"start":{"line":3,"column":0},"end":{"line":3,"column":60}},"4":{"start":{"line":5,"column":0},"end":{"line":5,"column":55}},"6":{"start":{"line":7,"column":0},"end":{"line":7,"column":27}},"7":{"start":{"line":8,"column":0},"end":{"line":8,"column":25}},"8":{"start":{"line":9,"column":0},"end":{"line":9,"column":3}},"10":{"start":{"line":11,"column":0},"end":{"line":11,"column":33}},"11":{"start":{"line":12,"column":0},"end":{"line":12,"column":42}},"12":{"start":{"line":13,"column":0},"end":{"line":13,"column":3}},"14":{"start":{"line":15,"column":0},"end":{"line":15,"column":29}},"15":{"start":{"line":16,"column":0},"end":{"line":16,"column":28}},"16":{"start":{"line":17,"column":0},"end":{"line":17,"column":3}},"18":{"start":{"line":19,"column":0},"end":{"line":19,"column":10}},"19":{"start":{"line":20,"column":0},"end":{"line":20,"column":25}},"20":{"start":{"line":21,"column":0},"end":{"line":21,"column":12}},"21":{"start":{"line":22,"column":0},"end":{"line":22,"column":22}},"22":{"start":{"line":23,"column":0},"end":{"line":23,"column":14}},"23":{"start":{"line":24,"column":0},"end":{"line":24,"column":21}},"24":{"start":{"line":25,"column":0},"end":{"line":25,"column":15}},"25":{"start":{"line":26,"column":0},"end":{"line":26,"column":3}},"26":{"start":{"line":27,"column":0},"end":{"line":27,"column":1}}},"s":{"0":1,"2":1,"4":10,"6":10,"7":2,"8":2,"10":10,"11":2,"12":2,"14":10,"15":1,"16":1,"18":10,"19":10,"20":10,"21":10,"22":10,"23":10,"24":10,"25":10,"26":10},"branchMap":{"0":{"type":"branch","line":3,"loc":{"start":{"line":3,"column":26},"end":{"line":27,"column":1}},"locations":[{"start":{"line":3,"column":26},"end":{"line":27,"column":1}}]},"1":{"type":"branch","line":7,"loc":{"start":{"line":7,"column":20},"end":{"line":9,"column":3}},"locations":[{"start":{"line":7,"column":20},"end":{"line":9,"column":3}}]},"2":{"type":"branch","line":11,"loc":{"start":{"line":11,"column":26},"end":{"line":13,"column":3}},"locations":[{"start":{"line":11,"column":26},"end":{"line":13,"column":3}}]},"3":{"type":"branch","line":12,"loc":{"start":{"line":12,"column":15},"end":{"line":12,"column":42}},"locations":[{"start":{"line":12,"column":15},"end":{"line":12,"column":42}}]},"4":{"type":"branch","line":15,"loc":{"start":{"line":15,"column":22},"end":{"line":17,"column":3}},"locations":[{"start":{"line":15,"column":22},"end":{"line":17,"column":3}}]}},"b":{"0":[10],"1":[2],"2":[2],"3":[2],"4":[1]},"fnMap":{"0":{"name":"useCounter","decl":{"start":{"line":3,"column":26},"end":{"line":27,"column":1}},"loc":{"start":{"line":3,"column":26},"end":{"line":27,"column":1}},"line":3},"1":{"name":"handleAdd","decl":{"start":{"line":7,"column":20},"end":{"line":9,"column":3}},"loc":{"start":{"line":7,"column":20},"end":{"line":9,"column":3}},"line":7},"2":{"name":"handleSubstract","decl":{"start":{"line":11,"column":26},"end":{"line":13,"column":3}},"loc":{"start":{"line":11,"column":26},"end":{"line":13,"column":3}},"line":11},"3":{"name":"handleReset","decl":{"start":{"line":15,"column":22},"end":{"line":17,"column":3}},"loc":{"start":{"line":15,"column":22},"end":{"line":17,"column":3}},"line":15}},"f":{"0":10,"1":2,"2":2,"3":1}}
,"C:\\FernandoHerrera\\React\\03-gifs-app\\src\\gifs\\actions\\get-gifs-by-query.action.ts": {"path":"C:\\FernandoHerrera\\React\\03-gifs-app\\src\\gifs\\actions\\get-gifs-by-query.action.ts","all":false,"statementMap":{"2":{"start":{"line":3,"column":0},"end":{"line":3,"column":44}},"4":{"start":{"line":5,"column":0},"end":{"line":5,"column":71}},"6":{"start":{"line":7,"column":0},"end":{"line":7,"column":34}},"7":{"start":{"line":8,"column":0},"end":{"line":8,"column":18}},"8":{"start":{"line":9,"column":0},"end":{"line":9,"column":5}},"10":{"start":{"line":11,"column":0},"end":{"line":11,"column":7}},"11":{"start":{"line":12,"column":0},"end":{"line":12,"column":52}},"12":{"start":{"line":13,"column":0},"end":{"line":13,"column":20}},"13":{"start":{"line":14,"column":0},"end":{"line":14,"column":17}},"14":{"start":{"line":15,"column":0},"end":{"line":15,"column":21}},"15":{"start":{"line":16,"column":0},"end":{"line":16,"column":22}},"16":{"start":{"line":17,"column":0},"end":{"line":17,"column":9}},"17":{"start":{"line":18,"column":0},"end":{"line":18,"column":7}},"19":{"start":{"line":20,"column":0},"end":{"line":20,"column":44}},"20":{"start":{"line":21,"column":0},"end":{"line":21,"column":19}},"21":{"start":{"line":22,"column":0},"end":{"line":22,"column":25}},"22":{"start":{"line":23,"column":0},"end":{"line":23,"column":37}},"23":{"start":{"line":24,"column":0},"end":{"line":24,"column":49}},"24":{"start":{"line":25,"column":0},"end":{"line":25,"column":50}},"25":{"start":{"line":26,"column":0},"end":{"line":26,"column":7}},"26":{"start":{"line":27,"column":0},"end":{"line":27,"column":4}},"27":{"start":{"line":28,"column":0},"end":{"line":28,"column":16}},"28":{"start":{"line":29,"column":0},"end":{"line":29,"column":25}},"29":{"start":{"line":30,"column":0},"end":{"line":30,"column":13}},"30":{"start":{"line":31,"column":0},"end":{"line":31,"column":4}},"31":{"start":{"line":32,"column":0},"end":{"line":32,"column":1}}},"s":{"2":1,"4":1,"6":6,"7":1,"8":1,"10":5,"11":5,"12":5,"13":5,"14":5,"15":5,"16":5,"17":5,"19":4,"20":40,"21":40,"22":40,"23":40,"24":40,"25":40,"26":4,"27":4,"28":1,"29":1,"30":1,"31":6},"branchMap":{"0":{"type":"branch","line":5,"loc":{"start":{"line":5,"column":30},"end":{"line":32,"column":1}},"locations":[{"start":{"line":5,"column":30},"end":{"line":32,"column":1}}]},"1":{"type":"branch","line":7,"loc":{"start":{"line":7,"column":33},"end":{"line":9,"column":5}},"locations":[{"start":{"line":7,"column":33},"end":{"line":9,"column":5}}]},"2":{"type":"branch","line":9,"loc":{"start":{"line":9,"column":4},"end":{"line":18,"column":7}},"locations":[{"start":{"line":9,"column":4},"end":{"line":18,"column":7}}]},"3":{"type":"branch","line":18,"loc":{"start":{"line":18,"column":4},"end":{"line":31,"column":4}},"locations":[{"start":{"line":18,"column":4},"end":{"line":31,"column":4}}]},"4":{"type":"branch","line":28,"loc":{"start":{"line":28,"column":3},"end":{"line":31,"column":4}},"locations":[{"start":{"line":28,"column":3},"end":{"line":31,"column":4}}]},"5":{"type":"branch","line":20,"loc":{"start":{"line":20,"column":34},"end":{"line":26,"column":7}},"locations":[{"start":{"line":20,"column":34},"end":{"line":26,"column":7}}]}},"b":{"0":[6],"1":[1],"2":[5],"3":[4],"4":[1],"5":[40]},"fnMap":{"0":{"name":"getGifsByQuery","decl":{"start":{"line":5,"column":30},"end":{"line":32,"column":1}},"loc":{"start":{"line":5,"column":30},"end":{"line":32,"column":1}},"line":5}},"f":{"0":6}}
,"C:\\FernandoHerrera\\React\\03-gifs-app\\src\\gifs\\api\\giphy.api.ts": {"path":"C:\\FernandoHerrera\\React\\03-gifs-app\\src\\gifs\\api\\giphy.api.ts","all":false,"statementMap":{"0":{"start":{"line":1,"column":0},"end":{"line":1,"column":25}},"2":{"start":{"line":3,"column":0},"end":{"line":3,"column":38}},"3":{"start":{"line":4,"column":0},"end":{"line":4,"column":45}},"4":{"start":{"line":5,"column":0},"end":{"line":5,"column":13}},"5":{"start":{"line":6,"column":0},"end":{"line":6,"column":19}},"6":{"start":{"line":7,"column":0},"end":{"line":7,"column":51}},"7":{"start":{"line":8,"column":0},"end":{"line":8,"column":5}},"8":{"start":{"line":9,"column":0},"end":{"line":9,"column":2}}},"s":{"0":1,"2":1,"3":1,"4":1,"5":1,"6":1,"7":1,"8":1},"branchMap":{},"b":{},"fnMap":{},"f":{}}
,"C:\\FernandoHerrera\\React\\03-gifs-app\\src\\gifs\\components\\GifList.tsx": {"path":"C:\\FernandoHerrera\\React\\03-gifs-app\\src\\gifs\\components\\GifList.tsx","all":false,"statementMap":{"4":{"start":{"line":5,"column":0},"end":{"line":5,"column":47}},"5":{"start":{"line":6,"column":0},"end":{"line":6,"column":10}},"6":{"start":{"line":7,"column":0},"end":{"line":7,"column":36}},"8":{"start":{"line":9,"column":0},"end":{"line":9,"column":29}},"9":{"start":{"line":10,"column":0},"end":{"line":10,"column":55}},"10":{"start":{"line":11,"column":0},"end":{"line":11,"column":57}},"11":{"start":{"line":12,"column":0},"end":{"line":12,"column":40}},"12":{"start":{"line":13,"column":0},"end":{"line":13,"column":23}},"13":{"start":{"line":14,"column":0},"end":{"line":14,"column":56}},"20":{"start":{"line":21,"column":0},"end":{"line":21,"column":1}}},"s":{"4":1,"5":1,"6":1,"8":1,"9":1,"10":1,"11":1,"12":1,"13":1,"20":1},"branchMap":{"0":{"type":"branch","line":5,"loc":{"start":{"line":5,"column":34},"end":{"line":21,"column":1}},"locations":[{"start":{"line":5,"column":34},"end":{"line":21,"column":1}}]}},"b":{"0":[1]},"fnMap":{"0":{"name":"GifList","decl":{"start":{"line":5,"column":34},"end":{"line":21,"column":1}},"loc":{"start":{"line":5,"column":34},"end":{"line":21,"column":1}},"line":5}},"f":{"0":1}}
,"C:\\FernandoHerrera\\React\\03-gifs-app\\src\\gifs\\components\\PreviousSearches.tsx": {"path":"C:\\FernandoHerrera\\React\\03-gifs-app\\src\\gifs\\components\\PreviousSearches.tsx","all":false,"statementMap":{"2":{"start":{"line":3,"column":0},"end":{"line":3,"column":75}},"3":{"start":{"line":4,"column":0},"end":{"line":4,"column":10}},"4":{"start":{"line":5,"column":0},"end":{"line":5,"column":40}},"5":{"start":{"line":6,"column":0},"end":{"line":6,"column":34}},"6":{"start":{"line":7,"column":0},"end":{"line":7,"column":47}},"8":{"start":{"line":9,"column":0},"end":{"line":9,"column":38}},"9":{"start":{"line":10,"column":0},"end":{"line":10,"column":70}},"10":{"start":{"line":11,"column":0},"end":{"line":11,"column":26}},"17":{"start":{"line":18,"column":0},"end":{"line":18,"column":1}}},"s":{"2":1,"3":1,"4":1,"5":1,"6":1,"8":1,"9":1,"10":1,"17":1},"branchMap":{"0":{"type":"branch","line":3,"loc":{"start":{"line":3,"column":42},"end":{"line":18,"column":1}},"locations":[{"start":{"line":3,"column":42},"end":{"line":18,"column":1}}]}},"b":{"0":[1]},"fnMap":{"0":{"name":"PreviousSearches","decl":{"start":{"line":3,"column":42},"end":{"line":18,"column":1}},"loc":{"start":{"line":3,"column":42},"end":{"line":18,"column":1}},"line":3}},"f":{"0":1}}
,"C:\\FernandoHerrera\\React\\03-gifs-app\\src\\gifs\\hooks\\useGifs.tsx": {"path":"C:\\FernandoHerrera\\React\\03-gifs-app\\src\\gifs\\hooks\\useGifs.tsx","all":false,"statementMap":{"0":{"start":{"line":1,"column":0},"end":{"line":1,"column":41}},"1":{"start":{"line":2,"column":0},"end":{"line":2,"column":69}},"4":{"start":{"line":5,"column":0},"end":{"line":5,"column":47}},"6":{"start":{"line":7,"column":0},"end":{"line":7,"column":30}},"7":{"start":{"line":8,"column":0},"end":{"line":8,"column":46}},"8":{"start":{"line":9,"column":0},"end":{"line":9,"column":67}},"10":{"start":{"line":11,"column":0},"end":{"line":11,"column":54}},"12":{"start":{"line":13,"column":0},"end":{"line":13,"column":53}},"13":{"start":{"line":14,"column":0},"end":{"line":14,"column":34}},"14":{"start":{"line":15,"column":0},"end":{"line":15,"column":39}},"15":{"start":{"line":16,"column":0},"end":{"line":16,"column":13}},"16":{"start":{"line":17,"column":0},"end":{"line":17,"column":5}},"18":{"start":{"line":19,"column":0},"end":{"line":19,"column":44}},"19":{"start":{"line":20,"column":0},"end":{"line":20,"column":18}},"20":{"start":{"line":21,"column":0},"end":{"line":21,"column":35}},"22":{"start":{"line":23,"column":0},"end":{"line":23,"column":4}},"24":{"start":{"line":25,"column":0},"end":{"line":25,"column":54}},"25":{"start":{"line":26,"column":0},"end":{"line":26,"column":39}},"27":{"start":{"line":28,"column":0},"end":{"line":28,"column":35}},"29":{"start":{"line":30,"column":0},"end":{"line":30,"column":46}},"31":{"start":{"line":32,"column":0},"end":{"line":32,"column":61}},"33":{"start":{"line":34,"column":0},"end":{"line":34,"column":45}},"34":{"start":{"line":35,"column":0},"end":{"line":35,"column":18}},"36":{"start":{"line":37,"column":0},"end":{"line":37,"column":36}},"37":{"start":{"line":38,"column":0},"end":{"line":38,"column":27}},"38":{"start":{"line":39,"column":0},"end":{"line":39,"column":4}},"40":{"start":{"line":41,"column":0},"end":{"line":41,"column":10}},"41":{"start":{"line":42,"column":0},"end":{"line":42,"column":17}},"42":{"start":{"line":43,"column":0},"end":{"line":43,"column":9}},"44":{"start":{"line":45,"column":0},"end":{"line":45,"column":14}},"45":{"start":{"line":46,"column":0},"end":{"line":46,"column":17}},"46":{"start":{"line":47,"column":0},"end":{"line":47,"column":22}},"47":{"start":{"line":48,"column":0},"end":{"line":48,"column":18}},"48":{"start":{"line":49,"column":0},"end":{"line":49,"column":4}},"49":{"start":{"line":50,"column":0},"end":{"line":50,"column":2}}},"s":{"0":1,"1":1,"4":1,"6":1,"7":8,"8":8,"10":8,"12":8,"13":2,"14":0,"15":0,"16":0,"18":2,"19":2,"20":2,"22":2,"24":8,"25":1,"27":1,"29":1,"31":1,"33":1,"34":1,"36":1,"37":1,"38":1,"40":8,"41":8,"42":8,"44":8,"45":8,"46":8,"47":8,"48":8,"49":8},"branchMap":{"0":{"type":"branch","line":7,"loc":{"start":{"line":7,"column":23},"end":{"line":50,"column":2}},"locations":[{"start":{"line":7,"column":23},"end":{"line":50,"column":2}}]},"1":{"type":"branch","line":13,"loc":{"start":{"line":13,"column":28},"end":{"line":23,"column":4}},"locations":[{"start":{"line":13,"column":28},"end":{"line":23,"column":4}}]},"2":{"type":"branch","line":14,"loc":{"start":{"line":14,"column":33},"end":{"line":17,"column":5}},"locations":[{"start":{"line":14,"column":33},"end":{"line":17,"column":5}}]},"3":{"type":"branch","line":25,"loc":{"start":{"line":25,"column":23},"end":{"line":39,"column":4}},"locations":[{"start":{"line":25,"column":23},"end":{"line":39,"column":4}}]},"4":{"type":"branch","line":28,"loc":{"start":{"line":28,"column":28},"end":{"line":28,"column":35}},"locations":[{"start":{"line":28,"column":28},"end":{"line":28,"column":35}}]},"5":{"type":"branch","line":30,"loc":{"start":{"line":30,"column":39},"end":{"line":30,"column":46}},"locations":[{"start":{"line":30,"column":39},"end":{"line":30,"column":46}}]}},"b":{"0":[8],"1":[2],"2":[0],"3":[1],"4":[0],"5":[0]},"fnMap":{"0":{"name":"useGifs","decl":{"start":{"line":7,"column":23},"end":{"line":50,"column":2}},"loc":{"start":{"line":7,"column":23},"end":{"line":50,"column":2}},"line":7},"1":{"name":"handleTermClicked","decl":{"start":{"line":13,"column":28},"end":{"line":23,"column":4}},"loc":{"start":{"line":13,"column":28},"end":{"line":23,"column":4}},"line":13},"2":{"name":"handleSearch","decl":{"start":{"line":25,"column":23},"end":{"line":39,"column":4}},"loc":{"start":{"line":25,"column":23},"end":{"line":39,"column":4}},"line":25}},"f":{"0":8,"1":2,"2":1}}
,"C:\\FernandoHerrera\\React\\03-gifs-app\\src\\gifs\\interfaces\\gif.interface.ts": {"path":"C:\\FernandoHerrera\\React\\03-gifs-app\\src\\gifs\\interfaces\\gif.interface.ts","all":true,"statementMap":{},"s":{},"branchMap":{"0":{"type":"branch","line":1,"loc":{"start":{"line":1,"column":111},"end":{"line":7,"column":1}},"locations":[{"start":{"line":1,"column":111},"end":{"line":7,"column":1}}]}},"b":{"0":[1]},"fnMap":{"0":{"name":"(empty-report)","decl":{"start":{"line":1,"column":111},"end":{"line":7,"column":1}},"loc":{"start":{"line":1,"column":111},"end":{"line":7,"column":1}},"line":1}},"f":{"0":1}}
,"C:\\FernandoHerrera\\React\\03-gifs-app\\src\\gifs\\interfaces\\giphy.response.ts": {"path":"C:\\FernandoHerrera\\React\\03-gifs-app\\src\\gifs\\interfaces\\giphy.response.ts","all":true,"statementMap":{},"s":{},"branchMap":{"0":{"type":"branch","line":1,"loc":{"start":{"line":1,"column":3522},"end":{"line":129,"column":1}},"locations":[{"start":{"line":1,"column":3522},"end":{"line":129,"column":1}}]}},"b":{"0":[1]},"fnMap":{"0":{"name":"(empty-report)","decl":{"start":{"line":1,"column":3522},"end":{"line":129,"column":1}},"loc":{"start":{"line":1,"column":3522},"end":{"line":129,"column":1}},"line":1}},"f":{"0":1}}
,"C:\\FernandoHerrera\\React\\03-gifs-app\\src\\mock-data\\gifs.mock.ts": {"path":"C:\\FernandoHerrera\\React\\03-gifs-app\\src\\mock-data\\gifs.mock.ts","all":true,"statementMap":{"2":{"start":{"line":3,"column":0},"end":{"line":3,"column":32}},"3":{"start":{"line":4,"column":0},"end":{"line":4,"column":3}},"4":{"start":{"line":5,"column":0},"end":{"line":5,"column":12}},"5":{"start":{"line":6,"column":0},"end":{"line":6,"column":29}},"6":{"start":{"line":7,"column":0},"end":{"line":7,"column":185}},"7":{"start":{"line":8,"column":0},"end":{"line":8,"column":15}},"8":{"start":{"line":9,"column":0},"end":{"line":9,"column":16}},"9":{"start":{"line":10,"column":0},"end":{"line":10,"column":4}},"10":{"start":{"line":11,"column":0},"end":{"line":11,"column":3}},"11":{"start":{"line":12,"column":0},"end":{"line":12,"column":12}},"12":{"start":{"line":13,"column":0},"end":{"line":13,"column":23}},"13":{"start":{"line":14,"column":0},"end":{"line":14,"column":70}},"14":{"start":{"line":15,"column":0},"end":{"line":15,"column":15}},"15":{"start":{"line":16,"column":0},"end":{"line":16,"column":16}},"16":{"start":{"line":17,"column":0},"end":{"line":17,"column":4}},"17":{"start":{"line":18,"column":0},"end":{"line":18,"column":3}},"18":{"start":{"line":19,"column":0},"end":{"line":19,"column":12}},"19":{"start":{"line":20,"column":0},"end":{"line":20,"column":25}},"20":{"start":{"line":21,"column":0},"end":{"line":21,"column":185}},"21":{"start":{"line":22,"column":0},"end":{"line":22,"column":15}},"22":{"start":{"line":23,"column":0},"end":{"line":23,"column":16}},"23":{"start":{"line":24,"column":0},"end":{"line":24,"column":4}},"24":{"start":{"line":25,"column":0},"end":{"line":25,"column":3}},"25":{"start":{"line":26,"column":0},"end":{"line":26,"column":12}},"26":{"start":{"line":27,"column":0},"end":{"line":27,"column":23}},"27":{"start":{"line":28,"column":0},"end":{"line":28,"column":70}},"28":{"start":{"line":29,"column":0},"end":{"line":29,"column":15}},"29":{"start":{"line":30,"column":0},"end":{"line":30,"column":16}},"30":{"start":{"line":31,"column":0},"end":{"line":31,"column":4}},"31":{"start":{"line":32,"column":0},"end":{"line":32,"column":3}},"32":{"start":{"line":33,"column":0},"end":{"line":33,"column":12}},"33":{"start":{"line":34,"column":0},"end":{"line":34,"column":30}},"34":{"start":{"line":35,"column":0},"end":{"line":35,"column":185}},"35":{"start":{"line":36,"column":0},"end":{"line":36,"column":15}},"36":{"start":{"line":37,"column":0},"end":{"line":37,"column":16}},"37":{"start":{"line":38,"column":0},"end":{"line":38,"column":4}},"38":{"start":{"line":39,"column":0},"end":{"line":39,"column":3}},"39":{"start":{"line":40,"column":0},"end":{"line":40,"column":12}},"40":{"start":{"line":41,"column":0},"end":{"line":41,"column":31}},"41":{"start":{"line":42,"column":0},"end":{"line":42,"column":185}},"42":{"start":{"line":43,"column":0},"end":{"line":43,"column":15}},"43":{"start":{"line":44,"column":0},"end":{"line":44,"column":16}},"44":{"start":{"line":45,"column":0},"end":{"line":45,"column":4}},"45":{"start":{"line":46,"column":0},"end":{"line":46,"column":2}}},"s":{"2":0,"3":0,"4":0,"5":0,"6":0,"7":0,"8":0,"9":0,"10":0,"11":0,"12":0,"13":0,"14":0,"15":0,"16":0,"17":0,"18":0,"19":0,"20":0,"21":0,"22":0,"23":0,"24":0,"25":0,"26":0,"27":0,"28":0,"29":0,"30":0,"31":0,"32":0,"33":0,"34":0,"35":0,"36":0,"37":0,"38":0,"39":0,"40":0,"41":0,"42":0,"43":0,"44":0,"45":0},"branchMap":{"0":{"type":"branch","line":1,"loc":{"start":{"line":1,"column":1525},"end":{"line":46,"column":2}},"locations":[{"start":{"line":1,"column":1525},"end":{"line":46,"column":2}}]}},"b":{"0":[1]},"fnMap":{"0":{"name":"(empty-report)","decl":{"start":{"line":1,"column":1525},"end":{"line":46,"column":2}},"loc":{"start":{"line":1,"column":1525},"end":{"line":46,"column":2}},"line":1}},"f":{"0":1}}
,"C:\\FernandoHerrera\\React\\03-gifs-app\\src\\shared\\componentes\\CustomHeader.tsx": {"path":"C:\\FernandoHerrera\\React\\03-gifs-app\\src\\shared\\componentes\\CustomHeader.tsx","all":false,"statementMap":{"1":{"start":{"line":2,"column":0},"end":{"line":2,"column":61}},"2":{"start":{"line":3,"column":0},"end":{"line":3,"column":10}},"3":{"start":{"line":4,"column":0},"end":{"line":4,"column":36}},"4":{"start":{"line":5,"column":0},"end":{"line":5,"column":24}},"5":{"start":{"line":6,"column":0},"end":{"line":6,"column":77}},"8":{"start":{"line":9,"column":0},"end":{"line":9,"column":1}}},"s":{"1":1,"2":4,"3":4,"4":4,"5":4,"8":4},"branchMap":{"0":{"type":"branch","line":2,"loc":{"start":{"line":2,"column":28},"end":{"line":9,"column":1}},"locations":[{"start":{"line":2,"column":28},"end":{"line":9,"column":1}}]}},"b":{"0":[4]},"fnMap":{"0":{"name":"CustomHeader","decl":{"start":{"line":2,"column":28},"end":{"line":9,"column":1}},"loc":{"start":{"line":2,"column":28},"end":{"line":9,"column":1}},"line":2}},"f":{"0":4}}
,"C:\\FernandoHerrera\\React\\03-gifs-app\\src\\shared\\componentes\\SearchBar.tsx": {"path":"C:\\FernandoHerrera\\React\\03-gifs-app\\src\\shared\\componentes\\SearchBar.tsx","all":false,"statementMap":{"0":{"start":{"line":1,"column":0},"end":{"line":1,"column":44}},"2":{"start":{"line":3,"column":0},"end":{"line":3,"column":87}},"4":{"start":{"line":5,"column":0},"end":{"line":5,"column":41}},"6":{"start":{"line":7,"column":0},"end":{"line":7,"column":19}},"7":{"start":{"line":8,"column":0},"end":{"line":8,"column":64}},"8":{"start":{"line":9,"column":0},"end":{"line":9,"column":59}},"9":{"start":{"line":10,"column":0},"end":{"line":10,"column":38}},"10":{"start":{"line":11,"column":0},"end":{"line":11,"column":84}},"11":{"start":{"line":12,"column":0},"end":{"line":12,"column":19}},"12":{"start":{"line":13,"column":0},"end":{"line":13,"column":10}},"14":{"start":{"line":15,"column":0},"end":{"line":15,"column":42}},"15":{"start":{"line":16,"column":0},"end":{"line":16,"column":102}},"16":{"start":{"line":17,"column":0},"end":{"line":17,"column":36}},"17":{"start":{"line":18,"column":0},"end":{"line":18,"column":16}},"18":{"start":{"line":19,"column":0},"end":{"line":19,"column":76}},"19":{"start":{"line":20,"column":0},"end":{"line":20,"column":76}},"20":{"start":{"line":21,"column":0},"end":{"line":21,"column":28}},"21":{"start":{"line":22,"column":0},"end":{"line":22,"column":3}},"23":{"start":{"line":24,"column":0},"end":{"line":24,"column":117}},"26":{"start":{"line":27,"column":0},"end":{"line":27,"column":30}},"27":{"start":{"line":28,"column":0},"end":{"line":28,"column":19}},"28":{"start":{"line":29,"column":0},"end":{"line":29,"column":17}},"29":{"start":{"line":30,"column":0},"end":{"line":30,"column":3}},"31":{"start":{"line":32,"column":0},"end":{"line":32,"column":75}},"32":{"start":{"line":33,"column":0},"end":{"line":33,"column":31}},"33":{"start":{"line":34,"column":0},"end":{"line":34,"column":29}},"34":{"start":{"line":35,"column":0},"end":{"line":35,"column":7}},"35":{"start":{"line":36,"column":0},"end":{"line":36,"column":3}},"37":{"start":{"line":38,"column":0},"end":{"line":38,"column":10}},"38":{"start":{"line":39,"column":0},"end":{"line":39,"column":38}},"39":{"start":{"line":40,"column":0},"end":{"line":40,"column":15}},"40":{"start":{"line":41,"column":0},"end":{"line":41,"column":22}},"41":{"start":{"line":42,"column":0},"end":{"line":42,"column":39}},"42":{"start":{"line":43,"column":0},"end":{"line":43,"column":23}},"43":{"start":{"line":44,"column":0},"end":{"line":44,"column":61}},"44":{"start":{"line":45,"column":0},"end":{"line":45,"column":43}},"47":{"start":{"line":48,"column":0},"end":{"line":48,"column":39}},"48":{"start":{"line":49,"column":0},"end":{"line":49,"column":22}},"52":{"start":{"line":53,"column":0},"end":{"line":53,"column":1}}},"s":{"0":1,"2":1,"4":13,"6":13,"7":13,"8":13,"9":13,"10":2,"11":2,"12":13,"14":13,"15":13,"16":13,"17":13,"18":13,"19":13,"20":13,"21":13,"23":13,"26":13,"27":1,"28":1,"29":1,"31":13,"32":0,"33":0,"34":0,"35":0,"37":13,"38":13,"39":13,"40":13,"41":13,"42":13,"43":13,"44":13,"47":13,"48":13,"52":13},"branchMap":{"0":{"type":"branch","line":3,"loc":{"start":{"line":3,"column":25},"end":{"line":53,"column":1}},"locations":[{"start":{"line":3,"column":25},"end":{"line":53,"column":1}}]},"1":{"type":"branch","line":7,"loc":{"start":{"line":7,"column":12},"end":{"line":24,"column":3}},"locations":[{"start":{"line":7,"column":12},"end":{"line":24,"column":3}}]},"2":{"type":"branch","line":10,"loc":{"start":{"line":10,"column":31},"end":{"line":13,"column":5}},"locations":[{"start":{"line":10,"column":31},"end":{"line":13,"column":5}}]},"3":{"type":"branch","line":18,"loc":{"start":{"line":18,"column":9},"end":{"line":22,"column":3}},"locations":[{"start":{"line":18,"column":9},"end":{"line":22,"column":3}}]},"4":{"type":"branch","line":27,"loc":{"start":{"line":27,"column":23},"end":{"line":30,"column":3}},"locations":[{"start":{"line":27,"column":23},"end":{"line":30,"column":3}}]},"5":{"type":"branch","line":44,"loc":{"start":{"line":44,"column":21},"end":{"line":44,"column":61}},"locations":[{"start":{"line":44,"column":21},"end":{"line":44,"column":61}}]}},"b":{"0":[13],"1":[13],"2":[2],"3":[13],"4":[1],"5":[6]},"fnMap":{"0":{"name":"SearchBar","decl":{"start":{"line":3,"column":25},"end":{"line":53,"column":1}},"loc":{"start":{"line":3,"column":25},"end":{"line":53,"column":1}},"line":3},"1":{"name":"handleSearch","decl":{"start":{"line":27,"column":23},"end":{"line":30,"column":3}},"loc":{"start":{"line":27,"column":23},"end":{"line":30,"column":3}},"line":27},"2":{"name":"handleKeyDown","decl":{"start":{"line":32,"column":24},"end":{"line":36,"column":3}},"loc":{"start":{"line":32,"column":24},"end":{"line":36,"column":3}},"line":32},"3":{"name":"onChange","decl":{"start":{"line":44,"column":21},"end":{"line":44,"column":61}},"loc":{"start":{"line":44,"column":21},"end":{"line":44,"column":61}},"line":44}},"f":{"0":13,"1":1,"2":0,"3":6}}
}
